#
# There is insufficient memory for the Java Runtime Environment to continue.
# Native memory allocation (malloc) failed to allocate 1048576 bytes. Error detail: AllocateHeap
# Possible reasons:
#   The system is out of physical RAM or swap space
#   This process is running with CompressedOops enabled, and the Java Heap may be blocking the growth of the native heap
# Possible solutions:
#   Reduce memory load on the system
#   Increase physical memory or swap space
#   Check if swap backing store is full
#   Decrease Java heap size (-Xmx/-Xms)
#   Decrease number of Java threads
#   Decrease Java thread stack sizes (-Xss)
#   Set larger code cache with -XX:ReservedCodeCacheSize=
#   JVM is running with Unscaled Compressed Oops mode in which the Java heap is
#     placed in the first 4GB address space. The Java Heap base address is the
#     maximum limit for the native heap growth. Please use -XX:HeapBaseMinAddress
#     to set the Java Heap base and to place the Java Heap above 4GB virtual address.
# This output file may be truncated or incomplete.
#
#  Out of Memory Error (allocation.cpp:44), pid=8232, tid=25216
#
# JRE version: OpenJDK Runtime Environment Temurin-21.0.8+9 (21.0.8+9) (build 21.0.8+9-LTS)
# Java VM: OpenJDK 64-Bit Server VM Temurin-21.0.8+9 (21.0.8+9-LTS, mixed mode, sharing, tiered, compressed oops, compressed class ptrs, parallel gc, windows-amd64)
# No core dump will be written. Minidumps are not enabled by default on client versions of Windows
#

---------------  S U M M A R Y ------------

Command Line: --add-modules=ALL-SYSTEM --add-opens=java.base/java.util=ALL-UNNAMED --add-opens=java.base/java.lang=ALL-UNNAMED --add-opens=java.base/sun.nio.fs=ALL-UNNAMED -Declipse.application=org.eclipse.jdt.ls.core.id1 -Dosgi.bundles.defaultStartLevel=4 -Declipse.product=org.eclipse.jdt.ls.core.product -Djava.import.generatesMetadataFilesAtProjectRoot=false -DDetectVMInstallationsJob.disabled=true -Dfile.encoding=utf8 -XX:+UseParallelGC -XX:GCTimeRatio=4 -XX:AdaptiveSizePolicyWeight=90 -Dsun.zip.disableMemoryMapping=true -Xmx2G -Xms100m -Xlog:disable -javaagent:c:\Users\duong\.vscode\extensions\redhat.java-1.46.0-win32-x64\lombok\lombok-1.18.39-4050.jar -XX:+HeapDumpOnOutOfMemoryError -XX:HeapDumpPath=c:\Users\duong\AppData\Roaming\Code\User\workspaceStorage\8d80a544afdbe9d4d2c642f385d9894f\redhat.java -Daether.dependencyCollector.impl=bf c:\Users\duong\.vscode\extensions\redhat.java-1.46.0-win32-x64\server\plugins\org.eclipse.equinox.launcher_1.7.0.v20250519-0528.jar -configuration c:\Users\duong\AppData\Roaming\Code\User\globalStorage\redhat.java\1.46.0\config_win -data c:\Users\duong\AppData\Roaming\Code\User\workspaceStorage\8d80a544afdbe9d4d2c642f385d9894f\redhat.java\jdt_ws --pipe=\\.\pipe\lsp-afdd81732e8acd80b640f00ceeaf3174-sock

Host: AMD Ryzen 5 5600H with Radeon Graphics         , 12 cores, 7G,  Windows 11 , 64 bit Build 22621 (10.0.22621.5415)
Time: Wed Oct  8 20:49:49 2025 SE Asia Standard Time elapsed time: 330.513697 seconds (0d 0h 5m 30s)

---------------  T H R E A D  ---------------

Current thread (0x00000208fd009d50):  JavaThread "Attach Listener" daemon [_thread_in_vm, id=25216, stack(0x0000007ebae00000,0x0000007ebaf00000) (1024K)]

Stack: [0x0000007ebae00000,0x0000007ebaf00000]
Native frames: (J=compiled Java code, j=interpreted, Vv=VM code, C=native code)
V  [jvm.dll+0x6d2449]
V  [jvm.dll+0x8ae341]
V  [jvm.dll+0x8b08be]
V  [jvm.dll+0x8b0fa3]
V  [jvm.dll+0x280c96]
V  [jvm.dll+0xc0347]
V  [jvm.dll+0x6d2cf9]
V  [jvm.dll+0x131116]
V  [jvm.dll+0x3f2d16]
V  [jvm.dll+0x857e6b]
V  [jvm.dll+0x6d0b0d]
C  [ucrtbase.dll+0x29333]
C  [KERNEL32.DLL+0x1259d]
C  [ntdll.dll+0x5af78]


---------------  P R O C E S S  ---------------

Threads class SMR info:
_java_thread_list=0x0000020882cd7380, length=52, elements={
0x000002089f514c30, 0x00000208b5fae510, 0x00000208fd005460, 0x00000208fd0080f0,
0x00000208fd009d50, 0x00000208fd00beb0, 0x00000208fd010b20, 0x00000208fd014de0,
0x00000208fd016a50, 0x00000208fd10b080, 0x00000208fd34b6c0, 0x00000208fdab34b0,
0x00000208fdd6a3b0, 0x00000208fd57fc50, 0x00000208fd93fe00, 0x00000208fe05dc60,
0x00000208fd9a9190, 0x00000208fdfb9180, 0x00000208fdfb7740, 0x00000208fdfb7dd0,
0x00000208fdfb8460, 0x00000208fdfba530, 0x00000208fdfb70b0, 0x00000208fe3d0e30,
0x00000208fe3d14c0, 0x00000208fe3cd9b0, 0x00000208fe3d1b50, 0x00000208fe3ce040,
0x00000208fe3cf3f0, 0x00000208fe3d2f00, 0x00000208fe3d3590, 0x00000208fe3d07a0,
0x00000208fe3d3c20, 0x00000208fe3d4940, 0x00000208fe3ce6d0, 0x00000208fe3d21e0,
0x00000208fe3d2870, 0x00000208fe3d4fd0, 0x00000208fe3cfa80, 0x00000208fe3d0110,
0x00000208fe3ced60, 0x00000208819bc2e0, 0x00000208819ba210, 0x00000208819bd000,
0x00000208819b9b80, 0x0000020882cc6330, 0x0000020882cc69c0, 0x0000020882cc97b0,
0x0000020882cc9e40, 0x0000020882cc7050, 0x0000020882cca4d0, 0x0000020882cc8400
}

Java Threads: ( => current thread )
  0x000002089f514c30 JavaThread "main"                              [_thread_blocked, id=21784, stack(0x0000007eba700000,0x0000007eba800000) (1024K)]
  0x00000208b5fae510 JavaThread "Reference Handler"          daemon [_thread_blocked, id=20800, stack(0x0000007ebab00000,0x0000007ebac00000) (1024K)]
  0x00000208fd005460 JavaThread "Finalizer"                  daemon [_thread_blocked, id=1708, stack(0x0000007ebac00000,0x0000007ebad00000) (1024K)]
  0x00000208fd0080f0 JavaThread "Signal Dispatcher"          daemon [_thread_blocked, id=2932, stack(0x0000007ebad00000,0x0000007ebae00000) (1024K)]
=>0x00000208fd009d50 JavaThread "Attach Listener"            daemon [_thread_in_vm, id=25216, stack(0x0000007ebae00000,0x0000007ebaf00000) (1024K)]
  0x00000208fd00beb0 JavaThread "Service Thread"             daemon [_thread_blocked, id=15856, stack(0x0000007ebaf00000,0x0000007ebb000000) (1024K)]
  0x00000208fd010b20 JavaThread "Monitor Deflation Thread"   daemon [_thread_blocked, id=3424, stack(0x0000007ebb000000,0x0000007ebb100000) (1024K)]
  0x00000208fd014de0 JavaThread "C2 CompilerThread0"         daemon [_thread_blocked, id=23300, stack(0x0000007ebb100000,0x0000007ebb200000) (1024K)]
  0x00000208fd016a50 JavaThread "C1 CompilerThread0"         daemon [_thread_blocked, id=16772, stack(0x0000007ebb200000,0x0000007ebb300000) (1024K)]
  0x00000208fd10b080 JavaThread "Common-Cleaner"             daemon [_thread_blocked, id=17160, stack(0x0000007ebb300000,0x0000007ebb400000) (1024K)]
  0x00000208fd34b6c0 JavaThread "Notification Thread"        daemon [_thread_blocked, id=12656, stack(0x0000007ebb400000,0x0000007ebb500000) (1024K)]
  0x00000208fdab34b0 JavaThread "Active Thread: Equinox Container: 020f144c-bb3d-4185-8016-ceb9a510a50a"        [_thread_blocked, id=24208, stack(0x0000007ebbc00000,0x0000007ebbd00000) (1024K)]
  0x00000208fdd6a3b0 JavaThread "Refresh Thread: Equinox Container: 020f144c-bb3d-4185-8016-ceb9a510a50a" daemon [_thread_blocked, id=14932, stack(0x0000007ebbd00000,0x0000007ebbe00000) (1024K)]
  0x00000208fd57fc50 JavaThread "Framework Event Dispatcher: Equinox Container: 020f144c-bb3d-4185-8016-ceb9a510a50a" daemon [_thread_blocked, id=12912, stack(0x0000007ebbe00000,0x0000007ebbf00000) (1024K)]
  0x00000208fd93fe00 JavaThread "Start Level: Equinox Container: 020f144c-bb3d-4185-8016-ceb9a510a50a" daemon [_thread_blocked, id=15024, stack(0x0000007ebbf00000,0x0000007ebc000000) (1024K)]
  0x00000208fe05dc60 JavaThread "Bundle File Closer"         daemon [_thread_blocked, id=22716, stack(0x0000007ebc300000,0x0000007ebc400000) (1024K)]
  0x00000208fd9a9190 JavaThread "SCR Component Actor"        daemon [_thread_blocked, id=14628, stack(0x0000007ebc000000,0x0000007ebc100000) (1024K)]
  0x00000208fdfb9180 JavaThread "Worker-JM"                         [_thread_blocked, id=8320, stack(0x0000007ebc500000,0x0000007ebc600000) (1024K)]
  0x00000208fdfb7740 JavaThread "JNA Cleaner"                daemon [_thread_blocked, id=15208, stack(0x0000007ebc600000,0x0000007ebc700000) (1024K)]
  0x00000208fdfb7dd0 JavaThread "Worker-1"                          [_thread_blocked, id=21552, stack(0x0000007ebc800000,0x0000007ebc900000) (1024K)]
  0x00000208fdfb8460 JavaThread "Java indexing"              daemon [_thread_blocked, id=22416, stack(0x0000007ebc900000,0x0000007ebca00000) (1024K)]
  0x00000208fdfba530 JavaThread "Worker-3"                          [_thread_blocked, id=25904, stack(0x0000007ebcb00000,0x0000007ebcc00000) (1024K)]
  0x00000208fdfb70b0 JavaThread "Thread-1"                   daemon [_thread_in_native, id=22524, stack(0x0000007ebcc00000,0x0000007ebcd00000) (1024K)]
  0x00000208fe3d0e30 JavaThread "Thread-2"                   daemon [_thread_in_native, id=21912, stack(0x0000007ebcd00000,0x0000007ebce00000) (1024K)]
  0x00000208fe3d14c0 JavaThread "Thread-3"                   daemon [_thread_in_native, id=1580, stack(0x0000007ebce00000,0x0000007ebcf00000) (1024K)]
  0x00000208fe3cd9b0 JavaThread "Thread-4"                   daemon [_thread_in_native, id=25260, stack(0x0000007ebcf00000,0x0000007ebd000000) (1024K)]
  0x00000208fe3d1b50 JavaThread "Thread-5"                   daemon [_thread_in_native, id=21032, stack(0x0000007ebd000000,0x0000007ebd100000) (1024K)]
  0x00000208fe3ce040 JavaThread "Thread-6"                   daemon [_thread_in_native, id=6848, stack(0x0000007ebd100000,0x0000007ebd200000) (1024K)]
  0x00000208fe3cf3f0 JavaThread "Thread-7"                   daemon [_thread_in_native, id=10444, stack(0x0000007ebd200000,0x0000007ebd300000) (1024K)]
  0x00000208fe3d2f00 JavaThread "Thread-8"                   daemon [_thread_in_native, id=20252, stack(0x0000007ebd300000,0x0000007ebd400000) (1024K)]
  0x00000208fe3d3590 JavaThread "Thread-9"                   daemon [_thread_in_native, id=21900, stack(0x0000007ebd400000,0x0000007ebd500000) (1024K)]
  0x00000208fe3d07a0 JavaThread "Thread-10"                  daemon [_thread_in_native, id=11620, stack(0x0000007ebd500000,0x0000007ebd600000) (1024K)]
  0x00000208fe3d3c20 JavaThread "Thread-11"                  daemon [_thread_in_native, id=20748, stack(0x0000007ebd600000,0x0000007ebd700000) (1024K)]
  0x00000208fe3d4940 JavaThread "Thread-12"                  daemon [_thread_in_native, id=4136, stack(0x0000007ebd700000,0x0000007ebd800000) (1024K)]
  0x00000208fe3ce6d0 JavaThread "Thread-13"                  daemon [_thread_in_native, id=11732, stack(0x0000007ebd800000,0x0000007ebd900000) (1024K)]
  0x00000208fe3d21e0 JavaThread "pool-2-thread-1"                   [_thread_blocked, id=21212, stack(0x0000007ebd900000,0x0000007ebda00000) (1024K)]
  0x00000208fe3d2870 JavaThread "WorkspaceEventsHandler"            [_thread_blocked, id=26532, stack(0x0000007ebdb00000,0x0000007ebdc00000) (1024K)]
  0x00000208fe3d4fd0 JavaThread "pool-1-thread-1"                   [_thread_blocked, id=19048, stack(0x0000007ebdc00000,0x0000007ebdd00000) (1024K)]
  0x00000208fe3cfa80 JavaThread "ForkJoinPool.commonPool-worker-1" daemon [_thread_blocked, id=14684, stack(0x0000007ebde00000,0x0000007ebdf00000) (1024K)]
  0x00000208fe3d0110 JavaThread "ForkJoinPool.commonPool-worker-2" daemon [_thread_blocked, id=22520, stack(0x0000007ebdf00000,0x0000007ebe000000) (1024K)]
  0x00000208fe3ced60 JavaThread "ForkJoinPool.commonPool-worker-3" daemon [_thread_blocked, id=24428, stack(0x0000007ebe000000,0x0000007ebe100000) (1024K)]
  0x00000208819bc2e0 JavaThread "ForkJoinPool.commonPool-worker-5" daemon [_thread_blocked, id=8568, stack(0x0000007ebe200000,0x0000007ebe300000) (1024K)]
  0x00000208819ba210 JavaThread "ForkJoinPool.commonPool-worker-7" daemon [_thread_blocked, id=17468, stack(0x0000007ebe400000,0x0000007ebe500000) (1024K)]
  0x00000208819bd000 JavaThread "ForkJoinPool.commonPool-worker-9" daemon [_thread_blocked, id=17536, stack(0x0000007ebe600000,0x0000007ebe700000) (1024K)]
  0x00000208819b9b80 JavaThread "ForkJoinPool.commonPool-worker-11" daemon [_thread_blocked, id=22976, stack(0x0000007ebe800000,0x0000007ebe900000) (1024K)]
  0x0000020882cc6330 JavaThread "Java Debug Server"          daemon [_thread_in_native, id=21776, stack(0x0000007ebe900000,0x0000007ebea00000) (1024K)]
  0x0000020882cc69c0 JavaThread "pool-5-thread-1"                   [_thread_in_native, id=12424, stack(0x0000007ebea00000,0x0000007ebeb00000) (1024K)]
  0x0000020882cc97b0 JavaThread "RxSchedulerPurge-1"         daemon [_thread_blocked, id=25148, stack(0x0000007ebeb00000,0x0000007ebec00000) (1024K)]
  0x0000020882cc9e40 JavaThread "RxCachedWorkerPoolEvictor-1" daemon [_thread_blocked, id=2620, stack(0x0000007ebec00000,0x0000007ebed00000) (1024K)]
  0x0000020882cc7050 JavaThread "RxNewThreadScheduler-1"     daemon [_thread_blocked, id=25360, stack(0x0000007ebed00000,0x0000007ebee00000) (1024K)]
  0x0000020882cca4d0 JavaThread "process reaper (pid 24036)" daemon [_thread_in_native, id=10264, stack(0x0000007eba140000,0x0000007eba160000) (128K)]
  0x0000020882cc8400 JavaThread "Cleaner-0"                  daemon [_thread_blocked, id=18764, stack(0x0000007eba500000,0x0000007eba600000) (1024K)]
Total: 52

Other Threads:
  0x00000208b5f959a0 VMThread "VM Thread"                           [id=19320, stack(0x0000007ebaa00000,0x0000007ebab00000) (1024K)]
  0x00000208b5e8ca00 WatcherThread "VM Periodic Task Thread"        [id=24944, stack(0x0000007eba900000,0x0000007ebaa00000) (1024K)]
  0x000002089f533220 WorkerThread "GC Thread#0"                     [id=5680, stack(0x0000007eba800000,0x0000007eba900000) (1024K)]
  0x00000208fd938010 WorkerThread "GC Thread#1"                     [id=16052, stack(0x0000007ebb500000,0x0000007ebb600000) (1024K)]
  0x00000208fd458840 WorkerThread "GC Thread#2"                     [id=21832, stack(0x0000007ebb600000,0x0000007ebb700000) (1024K)]
  0x00000208fd459030 WorkerThread "GC Thread#3"                     [id=7640, stack(0x0000007ebb700000,0x0000007ebb800000) (1024K)]
  0x00000208fd564810 WorkerThread "GC Thread#4"                     [id=13328, stack(0x0000007ebb800000,0x0000007ebb900000) (1024K)]
  0x00000208fd5cd7b0 WorkerThread "GC Thread#5"                     [id=8696, stack(0x0000007ebb900000,0x0000007ebba00000) (1024K)]
  0x00000208fd5cdb50 WorkerThread "GC Thread#6"                     [id=16540, stack(0x0000007ebba00000,0x0000007ebbb00000) (1024K)]
  0x00000208fd059050 WorkerThread "GC Thread#7"                     [id=6704, stack(0x0000007ebbb00000,0x0000007ebbc00000) (1024K)]
  0x00000208fde342f0 WorkerThread "GC Thread#8"                     [id=2676, stack(0x0000007ebc100000,0x0000007ebc200000) (1024K)]
  0x00000208fd9d3910 WorkerThread "GC Thread#9"                     [id=25952, stack(0x0000007ebc200000,0x0000007ebc300000) (1024K)]
Total: 12

Threads with active compile tasks:
Total: 0

VM state: not at safepoint (normal execution)

VM Mutex/Monitor currently owned by a thread: None

Heap address: 0x0000000080000000, size: 2048 MB, Compressed Oops mode: 32-bit

CDS archive(s) mapped at: [0x00000208b6000000-0x00000208b6ba0000-0x00000208b6ba0000), size 12189696, SharedBaseAddress: 0x00000208b6000000, ArchiveRelocationMode: 1.
Compressed class space mapped at: 0x00000208b7000000-0x00000208f7000000, reserved size: 1073741824
Narrow klass base: 0x00000208b6000000, Narrow klass shift: 0, Narrow klass range: 0x100000000

GC Precious Log:
 CardTable entry size: 512
 CPUs: 12 total, 12 available
 Memory: 7528M
 Large Page Support: Disabled
 NUMA Support: Disabled
 Compressed Oops: Enabled (32-bit)
 Alignments: Space 512K, Generation 512K, Heap 2M
 Heap Min Capacity: 100M
 Heap Initial Capacity: 100M
 Heap Max Capacity: 2G
 Pre-touch: Disabled
 Parallel Workers: 10

Heap:
 PSYoungGen      total 14848K, used 8006K [0x00000000d5580000, 0x00000000d6600000, 0x0000000100000000)
  eden space 14336K, 52% used [0x00000000d5580000,0x00000000d5cd1bc0,0x00000000d6380000)
  from space 512K, 100% used [0x00000000d6380000,0x00000000d6400000,0x00000000d6400000)
  to   space 1024K, 0% used [0x00000000d6500000,0x00000000d6500000,0x00000000d6600000)
 ParOldGen       total 176640K, used 176308K [0x0000000080000000, 0x000000008ac80000, 0x00000000d5580000)
  object space 176640K, 99% used [0x0000000080000000,0x000000008ac2d2a0,0x000000008ac80000)
 Metaspace       used 74179K, committed 75840K, reserved 1179648K
  class space    used 7966K, committed 8704K, reserved 1048576K

Card table byte_map: [0x000002089eee0000,0x000002089f2f0000] _byte_map_base: 0x000002089eae0000

Marking Bits: (ParMarkBitMap*) 0x00007ffda873a340
 Begin Bits: [0x00000208b19b0000, 0x00000208b39b0000)
 End Bits:   [0x00000208b39b0000, 0x00000208b59b0000)

Polling page: 0x000002089ecd0000

Metaspace:

Usage:
  Non-class:     64.66 MB used.
      Class:      7.78 MB used.
       Both:     72.44 MB used.

Virtual space:
  Non-class space:      128.00 MB reserved,      65.56 MB ( 51%) committed,  2 nodes.
      Class space:        1.00 GB reserved,       8.50 MB ( <1%) committed,  1 nodes.
             Both:        1.12 GB reserved,      74.06 MB (  6%) committed. 

Chunk freelists:
   Non-Class:  13.72 MB
       Class:  7.53 MB
        Both:  21.25 MB

MaxMetaspaceSize: unlimited
CompressedClassSpaceSize: 1.00 GB
Initial GC threshold: 21.00 MB
Current GC threshold: 97.31 MB
CDS: on
 - commit_granule_bytes: 65536.
 - commit_granule_words: 8192.
 - virtual_space_node_default_size: 8388608.
 - enlarge_chunks_in_place: 1.
 - use_allocation_guard: 0.


Internal statistics:

num_allocs_failed_limit: 9.
num_arena_births: 1302.
num_arena_deaths: 20.
num_vsnodes_births: 3.
num_vsnodes_deaths: 0.
num_space_committed: 1185.
num_space_uncommitted: 0.
num_chunks_returned_to_freelist: 30.
num_chunks_taken_from_freelist: 4612.
num_chunk_merges: 14.
num_chunk_splits: 2856.
num_chunks_enlarged: 1624.
num_inconsistent_stats: 0.

CodeHeap 'non-profiled nmethods': size=120000Kb used=7914Kb max_used=7914Kb free=112085Kb
 bounds [0x00000208aa1d0000, 0x00000208aa990000, 0x00000208b1700000]
CodeHeap 'profiled nmethods': size=120000Kb used=25864Kb max_used=25864Kb free=94135Kb
 bounds [0x00000208a2700000, 0x00000208a4050000, 0x00000208a9c30000]
CodeHeap 'non-nmethods': size=5760Kb used=1488Kb max_used=1554Kb free=4272Kb
 bounds [0x00000208a9c30000, 0x00000208a9ea0000, 0x00000208aa1d0000]
CodeCache: size=245760Kb, used=35266Kb, max_used=35332Kb, free=210492Kb
 total_blobs=12333, nmethods=11520, adapters=718, full_count=0
Compilation: enabled, stopped_count=0, restarted_count=0

Compilation events (20 events):
Event: 280.280 Thread 0x00000208fd016a50 12263       3       java.util.concurrent.ScheduledThreadPoolExecutor::reExecutePeriodic (49 bytes)
Event: 280.282 Thread 0x00000208fd016a50 nmethod 12263 0x00000208a403ca10 code [0x00000208a403cc40, 0x00000208a403d3c0]
Event: 299.046 Thread 0x00000208fd014de0 12264       4       java.util.concurrent.ConcurrentHashMap$BaseIterator::<init> (21 bytes)
Event: 299.074 Thread 0x00000208fd014de0 nmethod 12264 0x00000208aa98a310 code [0x00000208aa98a4a0, 0x00000208aa98a6c0]
Event: 322.050 Thread 0x00000208fd016a50 12265       3       java.util.concurrent.ConcurrentHashMap::mappingCount (17 bytes)
Event: 322.051 Thread 0x00000208fd016a50 nmethod 12265 0x00000208a403d610 code [0x00000208a403d7c0, 0x00000208a403d948]
Event: 328.787 Thread 0x00000208fd016a50 12267       3       org.eclipse.core.internal.dtree.AbstractDataTreeNode::storeStrings (42 bytes)
Event: 328.789 Thread 0x00000208fd016a50 nmethod 12267 0x00000208a403da10 code [0x00000208a403dbe0, 0x00000208a403df58]
Event: 328.789 Thread 0x00000208fd016a50 12266       3       org.eclipse.core.internal.dtree.DataTreeNode::storeStrings (28 bytes)
Event: 328.789 Thread 0x00000208fd016a50 nmethod 12266 0x00000208a403e110 code [0x00000208a403e2e0, 0x00000208a403e760]
Event: 328.789 Thread 0x00000208fd016a50 12268       3       org.eclipse.core.internal.resources.ResourceInfo::shareStrings (43 bytes)
Event: 328.793 Thread 0x00000208fd016a50 nmethod 12268 0x00000208a403e890 code [0x00000208a403ea60, 0x00000208a403ed28]
Event: 328.793 Thread 0x00000208fd016a50 12270       3       org.eclipse.core.internal.utils.StringPool::add (50 bytes)
Event: 328.799 Thread 0x00000208fd016a50 nmethod 12270 0x00000208a403ee90 code [0x00000208a403f080, 0x00000208a403f550]
Event: 328.799 Thread 0x00000208fd016a50 12269       3       java.util.HashMap$Node::setValue (12 bytes)
Event: 328.799 Thread 0x00000208fd016a50 nmethod 12269 0x00000208a403f710 code [0x00000208a403f8a0, 0x00000208a403f9c8]
Event: 328.799 Thread 0x00000208fd016a50 12271       3       java.util.concurrent.ConcurrentLinkedQueue::first (65 bytes)
Event: 328.817 Thread 0x00000208fd016a50 nmethod 12271 0x00000208a403fa90 code [0x00000208a403fe20, 0x00000208a40415b8]
Event: 328.817 Thread 0x00000208fd016a50 12272       3       java.util.concurrent.ConcurrentLinkedQueue::isEmpty (13 bytes)
Event: 328.817 Thread 0x00000208fd016a50 nmethod 12272 0x00000208a4041d90 code [0x00000208a4041f40, 0x00000208a40420e8]

GC Heap History (20 events):
Event: 48.001 GC heap before
{Heap before GC invocations=103 (full 3):
 PSYoungGen      total 16384K, used 15918K [0x00000000d5580000, 0x00000000d6680000, 0x0000000100000000)
  eden space 15360K, 100% used [0x00000000d5580000,0x00000000d6480000,0x00000000d6480000)
  from space 1024K, 54% used [0x00000000d6480000,0x00000000d650b830,0x00000000d6580000)
  to   space 1024K, 0% used [0x00000000d6580000,0x00000000d6580000,0x00000000d6680000)
 ParOldGen       total 173056K, used 172879K [0x0000000080000000, 0x000000008a900000, 0x00000000d5580000)
  object space 173056K, 99% used [0x0000000080000000,0x000000008a8d3d68,0x000000008a900000)
 Metaspace       used 69828K, committed 71424K, reserved 1114112K
  class space    used 7419K, committed 8064K, reserved 1048576K
}
Event: 48.001 GC heap after
{Heap after GC invocations=103 (full 3):
 PSYoungGen      total 15872K, used 433K [0x00000000d5580000, 0x00000000d6600000, 0x0000000100000000)
  eden space 15360K, 0% used [0x00000000d5580000,0x00000000d5580000,0x00000000d6480000)
  from space 512K, 84% used [0x00000000d6580000,0x00000000d65ec5d0,0x00000000d6600000)
  to   space 512K, 0% used [0x00000000d6500000,0x00000000d6500000,0x00000000d6580000)
 ParOldGen       total 173056K, used 172951K [0x0000000080000000, 0x000000008a900000, 0x00000000d5580000)
  object space 173056K, 99% used [0x0000000080000000,0x000000008a8e5d68,0x000000008a900000)
 Metaspace       used 69828K, committed 71424K, reserved 1114112K
  class space    used 7419K, committed 8064K, reserved 1048576K
}
Event: 48.127 GC heap before
{Heap before GC invocations=104 (full 3):
 PSYoungGen      total 15872K, used 15793K [0x00000000d5580000, 0x00000000d6600000, 0x0000000100000000)
  eden space 15360K, 100% used [0x00000000d5580000,0x00000000d6480000,0x00000000d6480000)
  from space 512K, 84% used [0x00000000d6580000,0x00000000d65ec5d0,0x00000000d6600000)
  to   space 512K, 0% used [0x00000000d6500000,0x00000000d6500000,0x00000000d6580000)
 ParOldGen       total 173056K, used 172951K [0x0000000080000000, 0x000000008a900000, 0x00000000d5580000)
  object space 173056K, 99% used [0x0000000080000000,0x000000008a8e5d68,0x000000008a900000)
 Metaspace       used 71304K, committed 72832K, reserved 1114112K
  class space    used 7689K, committed 8320K, reserved 1048576K
}
Event: 48.128 GC heap after
{Heap after GC invocations=104 (full 3):
 PSYoungGen      total 15872K, used 432K [0x00000000d5580000, 0x00000000d6600000, 0x0000000100000000)
  eden space 15360K, 0% used [0x00000000d5580000,0x00000000d5580000,0x00000000d6480000)
  from space 512K, 84% used [0x00000000d6500000,0x00000000d656c010,0x00000000d6580000)
  to   space 512K, 0% used [0x00000000d6580000,0x00000000d6580000,0x00000000d6600000)
 ParOldGen       total 173568K, used 173256K [0x0000000080000000, 0x000000008a980000, 0x00000000d5580000)
  object space 173568K, 99% used [0x0000000080000000,0x000000008a932338,0x000000008a980000)
 Metaspace       used 71304K, committed 72832K, reserved 1114112K
  class space    used 7689K, committed 8320K, reserved 1048576K
}
Event: 48.276 GC heap before
{Heap before GC invocations=105 (full 3):
 PSYoungGen      total 15872K, used 15792K [0x00000000d5580000, 0x00000000d6600000, 0x0000000100000000)
  eden space 15360K, 100% used [0x00000000d5580000,0x00000000d6480000,0x00000000d6480000)
  from space 512K, 84% used [0x00000000d6500000,0x00000000d656c010,0x00000000d6580000)
  to   space 512K, 0% used [0x00000000d6580000,0x00000000d6580000,0x00000000d6600000)
 ParOldGen       total 173568K, used 173256K [0x0000000080000000, 0x000000008a980000, 0x00000000d5580000)
  object space 173568K, 99% used [0x0000000080000000,0x000000008a932338,0x000000008a980000)
 Metaspace       used 71620K, committed 73216K, reserved 1179648K
  class space    used 7734K, committed 8384K, reserved 1048576K
}
Event: 48.277 GC heap after
{Heap after GC invocations=105 (full 3):
 PSYoungGen      total 15872K, used 512K [0x00000000d5580000, 0x00000000d6680000, 0x0000000100000000)
  eden space 15360K, 0% used [0x00000000d5580000,0x00000000d5580000,0x00000000d6480000)
  from space 512K, 100% used [0x00000000d6580000,0x00000000d6600000,0x00000000d6600000)
  to   space 1024K, 0% used [0x00000000d6480000,0x00000000d6480000,0x00000000d6580000)
 ParOldGen       total 174080K, used 173894K [0x0000000080000000, 0x000000008aa00000, 0x00000000d5580000)
  object space 174080K, 99% used [0x0000000080000000,0x000000008a9d1860,0x000000008aa00000)
 Metaspace       used 71620K, committed 73216K, reserved 1179648K
  class space    used 7734K, committed 8384K, reserved 1048576K
}
Event: 48.521 GC heap before
{Heap before GC invocations=106 (full 3):
 PSYoungGen      total 15872K, used 15872K [0x00000000d5580000, 0x00000000d6680000, 0x0000000100000000)
  eden space 15360K, 100% used [0x00000000d5580000,0x00000000d6480000,0x00000000d6480000)
  from space 512K, 100% used [0x00000000d6580000,0x00000000d6600000,0x00000000d6600000)
  to   space 1024K, 0% used [0x00000000d6480000,0x00000000d6480000,0x00000000d6580000)
 ParOldGen       total 174080K, used 173894K [0x0000000080000000, 0x000000008aa00000, 0x00000000d5580000)
  object space 174080K, 99% used [0x0000000080000000,0x000000008a9d1860,0x000000008aa00000)
 Metaspace       used 71620K, committed 73216K, reserved 1179648K
  class space    used 7734K, committed 8384K, reserved 1048576K
}
Event: 48.522 GC heap after
{Heap after GC invocations=106 (full 3):
 PSYoungGen      total 16384K, used 319K [0x00000000d5580000, 0x00000000d6600000, 0x0000000100000000)
  eden space 15360K, 0% used [0x00000000d5580000,0x00000000d5580000,0x00000000d6480000)
  from space 1024K, 31% used [0x00000000d6480000,0x00000000d64cffd0,0x00000000d6580000)
  to   space 512K, 0% used [0x00000000d6580000,0x00000000d6580000,0x00000000d6600000)
 ParOldGen       total 174592K, used 174094K [0x0000000080000000, 0x000000008aa80000, 0x00000000d5580000)
  object space 174592K, 99% used [0x0000000080000000,0x000000008aa03870,0x000000008aa80000)
 Metaspace       used 71620K, committed 73216K, reserved 1179648K
  class space    used 7734K, committed 8384K, reserved 1048576K
}
Event: 48.706 GC heap before
{Heap before GC invocations=107 (full 3):
 PSYoungGen      total 16384K, used 15679K [0x00000000d5580000, 0x00000000d6600000, 0x0000000100000000)
  eden space 15360K, 100% used [0x00000000d5580000,0x00000000d6480000,0x00000000d6480000)
  from space 1024K, 31% used [0x00000000d6480000,0x00000000d64cffd0,0x00000000d6580000)
  to   space 512K, 0% used [0x00000000d6580000,0x00000000d6580000,0x00000000d6600000)
 ParOldGen       total 174592K, used 174094K [0x0000000080000000, 0x000000008aa80000, 0x00000000d5580000)
  object space 174592K, 99% used [0x0000000080000000,0x000000008aa03870,0x000000008aa80000)
 Metaspace       used 71622K, committed 73216K, reserved 1179648K
  class space    used 7734K, committed 8384K, reserved 1048576K
}
Event: 48.707 GC heap after
{Heap after GC invocations=107 (full 3):
 PSYoungGen      total 15872K, used 507K [0x00000000d5580000, 0x00000000d6680000, 0x0000000100000000)
  eden space 15360K, 0% used [0x00000000d5580000,0x00000000d5580000,0x00000000d6480000)
  from space 512K, 99% used [0x00000000d6580000,0x00000000d65fefb0,0x00000000d6600000)
  to   space 1024K, 0% used [0x00000000d6480000,0x00000000d6480000,0x00000000d6580000)
 ParOldGen       total 174592K, used 174158K [0x0000000080000000, 0x000000008aa80000, 0x00000000d5580000)
  object space 174592K, 99% used [0x0000000080000000,0x000000008aa13870,0x000000008aa80000)
 Metaspace       used 71622K, committed 73216K, reserved 1179648K
  class space    used 7734K, committed 8384K, reserved 1048576K
}
Event: 48.733 GC heap before
{Heap before GC invocations=108 (full 3):
 PSYoungGen      total 15872K, used 15867K [0x00000000d5580000, 0x00000000d6680000, 0x0000000100000000)
  eden space 15360K, 100% used [0x00000000d5580000,0x00000000d6480000,0x00000000d6480000)
  from space 512K, 99% used [0x00000000d6580000,0x00000000d65fefb0,0x00000000d6600000)
  to   space 1024K, 0% used [0x00000000d6480000,0x00000000d6480000,0x00000000d6580000)
 ParOldGen       total 174592K, used 174158K [0x0000000080000000, 0x000000008aa80000, 0x00000000d5580000)
  object space 174592K, 99% used [0x0000000080000000,0x000000008aa13870,0x000000008aa80000)
 Metaspace       used 71622K, committed 73216K, reserved 1179648K
  class space    used 7734K, committed 8384K, reserved 1048576K
}
Event: 48.734 GC heap after
{Heap after GC invocations=108 (full 3):
 PSYoungGen      total 16384K, used 701K [0x00000000d5580000, 0x00000000d6680000, 0x0000000100000000)
  eden space 15360K, 0% used [0x00000000d5580000,0x00000000d5580000,0x00000000d6480000)
  from space 1024K, 68% used [0x00000000d6480000,0x00000000d652f4f8,0x00000000d6580000)
  to   space 1024K, 0% used [0x00000000d6580000,0x00000000d6580000,0x00000000d6680000)
 ParOldGen       total 174592K, used 174359K [0x0000000080000000, 0x000000008aa80000, 0x00000000d5580000)
  object space 174592K, 99% used [0x0000000080000000,0x000000008aa45c70,0x000000008aa80000)
 Metaspace       used 71622K, committed 73216K, reserved 1179648K
  class space    used 7734K, committed 8384K, reserved 1048576K
}
Event: 48.767 GC heap before
{Heap before GC invocations=109 (full 3):
 PSYoungGen      total 16384K, used 16061K [0x00000000d5580000, 0x00000000d6680000, 0x0000000100000000)
  eden space 15360K, 100% used [0x00000000d5580000,0x00000000d6480000,0x00000000d6480000)
  from space 1024K, 68% used [0x00000000d6480000,0x00000000d652f4f8,0x00000000d6580000)
  to   space 1024K, 0% used [0x00000000d6580000,0x00000000d6580000,0x00000000d6680000)
 ParOldGen       total 174592K, used 174359K [0x0000000080000000, 0x000000008aa80000, 0x00000000d5580000)
  object space 174592K, 99% used [0x0000000080000000,0x000000008aa45c70,0x000000008aa80000)
 Metaspace       used 71628K, committed 73216K, reserved 1179648K
  class space    used 7734K, committed 8384K, reserved 1048576K
}
Event: 48.768 GC heap after
{Heap after GC invocations=109 (full 3):
 PSYoungGen      total 15872K, used 320K [0x00000000d5580000, 0x00000000d6600000, 0x0000000100000000)
  eden space 15360K, 0% used [0x00000000d5580000,0x00000000d5580000,0x00000000d6480000)
  from space 512K, 62% used [0x00000000d6580000,0x00000000d65d0000,0x00000000d6600000)
  to   space 512K, 0% used [0x00000000d6500000,0x00000000d6500000,0x00000000d6580000)
 ParOldGen       total 174592K, used 174431K [0x0000000080000000, 0x000000008aa80000, 0x00000000d5580000)
  object space 174592K, 99% used [0x0000000080000000,0x000000008aa57c70,0x000000008aa80000)
 Metaspace       used 71628K, committed 73216K, reserved 1179648K
  class space    used 7734K, committed 8384K, reserved 1048576K
}
Event: 68.131 GC heap before
{Heap before GC invocations=110 (full 3):
 PSYoungGen      total 15872K, used 15680K [0x00000000d5580000, 0x00000000d6600000, 0x0000000100000000)
  eden space 15360K, 100% used [0x00000000d5580000,0x00000000d6480000,0x00000000d6480000)
  from space 512K, 62% used [0x00000000d6580000,0x00000000d65d0000,0x00000000d6600000)
  to   space 512K, 0% used [0x00000000d6500000,0x00000000d6500000,0x00000000d6580000)
 ParOldGen       total 174592K, used 174431K [0x0000000080000000, 0x000000008aa80000, 0x00000000d5580000)
  object space 174592K, 99% used [0x0000000080000000,0x000000008aa57c70,0x000000008aa80000)
 Metaspace       used 72535K, committed 74176K, reserved 1179648K
  class space    used 7831K, committed 8512K, reserved 1048576K
}
Event: 68.132 GC heap after
{Heap after GC invocations=110 (full 3):
 PSYoungGen      total 15872K, used 500K [0x00000000d5580000, 0x00000000d6680000, 0x0000000100000000)
  eden space 15360K, 0% used [0x00000000d5580000,0x00000000d5580000,0x00000000d6480000)
  from space 512K, 97% used [0x00000000d6500000,0x00000000d657d200,0x00000000d6580000)
  to   space 1024K, 0% used [0x00000000d6580000,0x00000000d6580000,0x00000000d6680000)
 ParOldGen       total 175104K, used 174759K [0x0000000080000000, 0x000000008ab00000, 0x00000000d5580000)
  object space 175104K, 99% used [0x0000000080000000,0x000000008aaa9c80,0x000000008ab00000)
 Metaspace       used 72535K, committed 74176K, reserved 1179648K
  class space    used 7831K, committed 8512K, reserved 1048576K
}
Event: 68.352 GC heap before
{Heap before GC invocations=111 (full 3):
 PSYoungGen      total 15872K, used 15860K [0x00000000d5580000, 0x00000000d6680000, 0x0000000100000000)
  eden space 15360K, 100% used [0x00000000d5580000,0x00000000d6480000,0x00000000d6480000)
  from space 512K, 97% used [0x00000000d6500000,0x00000000d657d200,0x00000000d6580000)
  to   space 1024K, 0% used [0x00000000d6580000,0x00000000d6580000,0x00000000d6680000)
 ParOldGen       total 175104K, used 174759K [0x0000000080000000, 0x000000008ab00000, 0x00000000d5580000)
  object space 175104K, 99% used [0x0000000080000000,0x000000008aaa9c80,0x000000008ab00000)
 Metaspace       used 73465K, committed 75072K, reserved 1179648K
  class space    used 7896K, committed 8576K, reserved 1048576K
}
Event: 68.355 GC heap after
{Heap after GC invocations=111 (full 3):
 PSYoungGen      total 15360K, used 1024K [0x00000000d5580000, 0x00000000d6880000, 0x0000000100000000)
  eden space 14336K, 0% used [0x00000000d5580000,0x00000000d5580000,0x00000000d6380000)
  from space 1024K, 100% used [0x00000000d6580000,0x00000000d6680000,0x00000000d6680000)
  to   space 2048K, 0% used [0x00000000d6380000,0x00000000d6380000,0x00000000d6580000)
 ParOldGen       total 175616K, used 175319K [0x0000000080000000, 0x000000008ab80000, 0x00000000d5580000)
  object space 175616K, 99% used [0x0000000080000000,0x000000008ab35ed8,0x000000008ab80000)
 Metaspace       used 73465K, committed 75072K, reserved 1179648K
  class space    used 7896K, committed 8576K, reserved 1048576K
}
Event: 69.615 GC heap before
{Heap before GC invocations=112 (full 3):
 PSYoungGen      total 15360K, used 15360K [0x00000000d5580000, 0x00000000d6880000, 0x0000000100000000)
  eden space 14336K, 100% used [0x00000000d5580000,0x00000000d6380000,0x00000000d6380000)
  from space 1024K, 100% used [0x00000000d6580000,0x00000000d6680000,0x00000000d6680000)
  to   space 2048K, 0% used [0x00000000d6380000,0x00000000d6380000,0x00000000d6580000)
 ParOldGen       total 175616K, used 175319K [0x0000000080000000, 0x000000008ab80000, 0x00000000d5580000)
  object space 175616K, 99% used [0x0000000080000000,0x000000008ab35ed8,0x000000008ab80000)
 Metaspace       used 74124K, committed 75776K, reserved 1179648K
  class space    used 7964K, committed 8640K, reserved 1048576K
}
Event: 69.617 GC heap after
{Heap after GC invocations=112 (full 3):
 PSYoungGen      total 14848K, used 512K [0x00000000d5580000, 0x00000000d6600000, 0x0000000100000000)
  eden space 14336K, 0% used [0x00000000d5580000,0x00000000d5580000,0x00000000d6380000)
  from space 512K, 100% used [0x00000000d6380000,0x00000000d6400000,0x00000000d6400000)
  to   space 1024K, 0% used [0x00000000d6500000,0x00000000d6500000,0x00000000d6600000)
 ParOldGen       total 176640K, used 176308K [0x0000000080000000, 0x000000008ac80000, 0x00000000d5580000)
  object space 176640K, 99% used [0x0000000080000000,0x000000008ac2d2a0,0x000000008ac80000)
 Metaspace       used 74124K, committed 75776K, reserved 1179648K
  class space    used 7964K, committed 8640K, reserved 1048576K
}

Dll operation events (12 events):
Event: 0.019 Loaded shared library c:\Users\duong\.vscode\extensions\redhat.java-1.46.0-win32-x64\jre\21.0.8-win32-x86_64\bin\java.dll
Event: 0.118 Loaded shared library c:\Users\duong\.vscode\extensions\redhat.java-1.46.0-win32-x64\jre\21.0.8-win32-x86_64\bin\zip.dll
Event: 0.150 Loaded shared library C:\Users\duong\.vscode\extensions\redhat.java-1.46.0-win32-x64\jre\21.0.8-win32-x86_64\bin\instrument.dll
Event: 0.156 Loaded shared library C:\Users\duong\.vscode\extensions\redhat.java-1.46.0-win32-x64\jre\21.0.8-win32-x86_64\bin\net.dll
Event: 0.158 Loaded shared library C:\Users\duong\.vscode\extensions\redhat.java-1.46.0-win32-x64\jre\21.0.8-win32-x86_64\bin\nio.dll
Event: 0.162 Loaded shared library C:\Users\duong\.vscode\extensions\redhat.java-1.46.0-win32-x64\jre\21.0.8-win32-x86_64\bin\zip.dll
Event: 0.184 Loaded shared library C:\Users\duong\.vscode\extensions\redhat.java-1.46.0-win32-x64\jre\21.0.8-win32-x86_64\bin\jimage.dll
Event: 0.299 Loaded shared library c:\Users\duong\.vscode\extensions\redhat.java-1.46.0-win32-x64\jre\21.0.8-win32-x86_64\bin\verify.dll
Event: 12.186 Loaded shared library C:\Users\duong\AppData\Roaming\Code\User\globalStorage\redhat.java\1.46.0\config_win\org.eclipse.equinox.launcher\org.eclipse.equinox.launcher.win32.win32.x86_64_1.2.1400.v20250801-0854\eclipse_11916.dll
Event: 28.507 Loaded shared library C:\Users\duong\AppData\Local\Temp\jna-95947831\jna6036836588231376904.dll
Event: 29.985 Loaded shared library C:\Users\duong\.vscode\extensions\redhat.java-1.46.0-win32-x64\jre\21.0.8-win32-x86_64\bin\sunmscapi.dll
Event: 30.460 Loaded shared library C:\Users\duong\.vscode\extensions\redhat.java-1.46.0-win32-x64\jre\21.0.8-win32-x86_64\bin\extnet.dll

Deoptimization events (20 events):
Event: 68.479 Thread 0x00000208819c0b10 DEOPT PACKING pc=0x00000208aa494298 sp=0x0000007ebe1fea90
Event: 68.479 Thread 0x00000208819c0b10 DEOPT UNPACKING pc=0x00000208a9c83aa2 sp=0x0000007ebe1fea08 mode 2
Event: 69.697 Thread 0x00000208fe3d4fd0 DEOPT PACKING pc=0x00000208a2c86192 sp=0x0000007ebdcfe7e0
Event: 69.697 Thread 0x00000208fe3d4fd0 DEOPT UNPACKING pc=0x00000208a9c84242 sp=0x0000007ebdcfdce0 mode 0
Event: 69.710 Thread 0x0000020882ccb880 DEOPT PACKING pc=0x00000208a2c84f5b sp=0x0000007eba4feb60
Event: 69.710 Thread 0x0000020882ccb880 DEOPT UNPACKING pc=0x00000208a9c84242 sp=0x0000007eba4fdfe8 mode 0
Event: 69.717 Thread 0x0000020882cc76e0 Uncommon trap: trap_request=0xffffffde fr.pc=0x00000208aa590748 relative=0x0000000000000e48
Event: 69.717 Thread 0x0000020882cc76e0 Uncommon trap: reason=class_check action=maybe_recompile pc=0x00000208aa590748 method=com.google.gson.internal.bind.MapTypeAdapterFactory$Adapter.read(Lcom/google/gson/stream/JsonReader;)Ljava/util/Map; @ 1 c2
Event: 69.717 Thread 0x0000020882cc76e0 DEOPT PACKING pc=0x00000208aa590748 sp=0x0000007ebeffe540
Event: 69.717 Thread 0x0000020882cc76e0 DEOPT UNPACKING pc=0x00000208a9c83aa2 sp=0x0000007ebeffe4f8 mode 2
Event: 69.717 Thread 0x0000020882cc76e0 Uncommon trap: trap_request=0xffffffde fr.pc=0x00000208aa599f8c relative=0x0000000000000d8c
Event: 69.717 Thread 0x0000020882cc76e0 Uncommon trap: reason=class_check action=maybe_recompile pc=0x00000208aa599f8c method=com.google.gson.internal.bind.ArrayTypeAdapter.read(Lcom/google/gson/stream/JsonReader;)Ljava/lang/Object; @ 1 c2
Event: 69.717 Thread 0x0000020882cc76e0 DEOPT PACKING pc=0x00000208aa599f8c sp=0x0000007ebeffe550
Event: 69.717 Thread 0x0000020882cc76e0 DEOPT UNPACKING pc=0x00000208a9c83aa2 sp=0x0000007ebeffe530 mode 2
Event: 69.717 Thread 0x0000020882cc76e0 Uncommon trap: trap_request=0xffffffde fr.pc=0x00000208aa599f8c relative=0x0000000000000d8c
Event: 69.717 Thread 0x0000020882cc76e0 Uncommon trap: reason=class_check action=maybe_recompile pc=0x00000208aa599f8c method=com.google.gson.internal.bind.ArrayTypeAdapter.read(Lcom/google/gson/stream/JsonReader;)Ljava/lang/Object; @ 1 c2
Event: 69.717 Thread 0x0000020882cc76e0 DEOPT PACKING pc=0x00000208aa599f8c sp=0x0000007ebeffe550
Event: 69.717 Thread 0x0000020882cc76e0 DEOPT UNPACKING pc=0x00000208a9c83aa2 sp=0x0000007ebeffe530 mode 2
Event: 108.062 Thread 0x0000020882cc9e40 DEOPT PACKING pc=0x00000208a3ebe69c sp=0x0000007ebecff1a0
Event: 108.062 Thread 0x0000020882cc9e40 DEOPT UNPACKING pc=0x00000208a9c84242 sp=0x0000007ebecfe660 mode 0

Classes loaded (20 events):
Event: 48.779 Loading class java/util/stream/ReduceOps$5
Event: 48.779 Loading class java/util/stream/ReduceOps$5 done
Event: 48.779 Loading class java/util/stream/ReduceOps$CountingSink$OfRef
Event: 48.780 Loading class java/util/stream/ReduceOps$CountingSink
Event: 48.780 Loading class java/util/stream/ReduceOps$CountingSink done
Event: 48.780 Loading class java/util/stream/ReduceOps$CountingSink$OfRef done
Event: 48.848 Loading class java/util/stream/ReduceOps$1
Event: 48.848 Loading class java/util/stream/ReduceOps$1 done
Event: 48.848 Loading class java/util/stream/ReduceOps$1ReducingSink
Event: 48.848 Loading class java/util/stream/ReduceOps$1ReducingSink done
Event: 49.046 Loading class java/util/concurrent/ScheduledThreadPoolExecutor$DelayedWorkQueue$Itr
Event: 49.046 Loading class java/util/concurrent/ScheduledThreadPoolExecutor$DelayedWorkQueue$Itr done
Event: 50.069 Loading class java/lang/ProcessHandleImpl$ExitCompletion
Event: 50.069 Loading class java/lang/ProcessHandleImpl$ExitCompletion done
Event: 50.069 Loading class java/lang/ProcessHandleImpl$1
Event: 50.070 Loading class java/lang/ProcessHandleImpl$1 done
Event: 50.070 Loading class java/util/concurrent/CompletableFuture$UniHandle
Event: 50.070 Loading class java/util/concurrent/CompletableFuture$UniHandle done
Event: 68.287 Loading class jdk/internal/ref/CleanerImpl$InnocuousThreadFactory
Event: 68.288 Loading class jdk/internal/ref/CleanerImpl$InnocuousThreadFactory done

Classes unloaded (10 events):
Event: 29.055 Thread 0x00000208b5f959a0 Unloading class 0x00000208b71a3000 'java/lang/invoke/LambdaForm$MH+0x00000208b71a3000'
Event: 29.055 Thread 0x00000208b5f959a0 Unloading class 0x00000208b71a2c00 'java/lang/invoke/LambdaForm$MH+0x00000208b71a2c00'
Event: 29.055 Thread 0x00000208b5f959a0 Unloading class 0x00000208b71a2800 'java/lang/invoke/LambdaForm$MH+0x00000208b71a2800'
Event: 29.055 Thread 0x00000208b5f959a0 Unloading class 0x00000208b71a2400 'java/lang/invoke/LambdaForm$MH+0x00000208b71a2400'
Event: 29.055 Thread 0x00000208b5f959a0 Unloading class 0x00000208b71a2000 'java/lang/invoke/LambdaForm$BMH+0x00000208b71a2000'
Event: 29.055 Thread 0x00000208b5f959a0 Unloading class 0x00000208b71a1c00 'java/lang/invoke/LambdaForm$DMH+0x00000208b71a1c00'
Event: 29.055 Thread 0x00000208b5f959a0 Unloading class 0x00000208b71a0800 'java/lang/invoke/LambdaForm$DMH+0x00000208b71a0800'
Event: 33.315 Thread 0x00000208b5f959a0 Unloading class 0x00000208b76c9000 'java/lang/invoke/LambdaForm$MH+0x00000208b76c9000'
Event: 33.315 Thread 0x00000208b5f959a0 Unloading class 0x00000208b76c8800 'java/lang/invoke/LambdaForm$MH+0x00000208b76c8800'
Event: 33.315 Thread 0x00000208b5f959a0 Unloading class 0x00000208b76c8000 'java/lang/invoke/LambdaForm$MH+0x00000208b76c8000'

Classes redefined (0 events):
No events

Internal exceptions (20 events):
Event: 48.159 Thread 0x0000020882cc7050 Exception <a 'sun/nio/fs/WindowsException'{0x00000000d5721718}> (0x00000000d5721718) 
thrown [s\src\hotspot\share\prims\jni.cpp, line 520]
Event: 48.160 Thread 0x0000020882cc7050 Exception <a 'sun/nio/fs/WindowsException'{0x00000000d57227c8}> (0x00000000d57227c8) 
thrown [s\src\hotspot\share\prims\jni.cpp, line 520]
Event: 48.780 Thread 0x00000208fdfb9ea0 Exception <a 'sun/nio/fs/WindowsException'{0x00000000d5897580}> (0x00000000d5897580) 
thrown [s\src\hotspot\share\prims\jni.cpp, line 520]
Event: 48.780 Thread 0x00000208fdfb9ea0 Exception <a 'sun/nio/fs/WindowsException'{0x00000000d5897c20}> (0x00000000d5897c20) 
thrown [s\src\hotspot\share\prims\jni.cpp, line 520]
Event: 48.781 Thread 0x00000208fdfb9ea0 Exception <a 'sun/nio/fs/WindowsException'{0x00000000d589f8f0}> (0x00000000d589f8f0) 
thrown [s\src\hotspot\share\prims\jni.cpp, line 520]
Event: 48.781 Thread 0x00000208fdfb9ea0 Exception <a 'sun/nio/fs/WindowsException'{0x00000000d589ff90}> (0x00000000d589ff90) 
thrown [s\src\hotspot\share\prims\jni.cpp, line 520]
Event: 49.782 Thread 0x0000020882cc7d70 Exception <a 'java/lang/NoSuchMethodError'{0x00000000d598bfe0}: 'long java.lang.invoke.DelegatingMethodHandle$Holder.reinvoke_L(java.lang.Object, java.lang.Object)'> (0x00000000d598bfe0) 
thrown [s\src\hotspot\share\interpreter\linkResolver.cpp, line 773]
Event: 49.782 Thread 0x0000020882cc7d70 Exception <a 'java/lang/NoSuchMethodError'{0x00000000d5995de8}: 'void java.lang.invoke.DelegatingMethodHandle$Holder.reinvoke_L(java.lang.Object, java.lang.Object, long)'> (0x00000000d5995de8) 
thrown [s\src\hotspot\share\interpreter\linkResolver.cpp, line 773]
Event: 50.071 Thread 0x0000020882cc7d70 Exception <a 'java/lang/NoSuchMethodError'{0x00000000d5a9ba78}: 'long java.lang.invoke.Invokers$Holder.invokeExact_MT(java.lang.Object, java.lang.Object, java.lang.Object)'> (0x00000000d5a9ba78) 
thrown [s\src\hotspot\share\interpreter\linkResolver.cpp, line 773]
Event: 68.060 Thread 0x00000208fe3d4fd0 Exception <a 'java/lang/IncompatibleClassChangeError'{0x00000000d606b238}: Found class java.lang.Object, but interface was expected> (0x00000000d606b238) 
thrown [s\src\hotspot\share\interpreter\linkResolver.cpp, line 840]
Event: 69.593 Thread 0x00000208819c0b10 Exception <a 'sun/nio/fs/WindowsException'{0x00000000d5fd74d8}> (0x00000000d5fd74d8) 
thrown [s\src\hotspot\share\prims\jni.cpp, line 520]
Event: 69.593 Thread 0x00000208819c0b10 Exception <a 'sun/nio/fs/WindowsException'{0x00000000d5fd7e28}> (0x00000000d5fd7e28) 
thrown [s\src\hotspot\share\prims\jni.cpp, line 520]
Event: 69.593 Thread 0x00000208819c0b10 Exception <a 'sun/nio/fs/WindowsException'{0x00000000d5fd8d08}> (0x00000000d5fd8d08) 
thrown [s\src\hotspot\share\prims\jni.cpp, line 520]
Event: 69.593 Thread 0x00000208819c0b10 Exception <a 'sun/nio/fs/WindowsException'{0x00000000d5fdad88}> (0x00000000d5fdad88) 
thrown [s\src\hotspot\share\prims\jni.cpp, line 520]
Event: 69.593 Thread 0x00000208819c0b10 Exception <a 'sun/nio/fs/WindowsException'{0x00000000d5fdc678}> (0x00000000d5fdc678) 
thrown [s\src\hotspot\share\prims\jni.cpp, line 520]
Event: 69.593 Thread 0x00000208819c0b10 Exception <a 'sun/nio/fs/WindowsException'{0x00000000d5fdcd18}> (0x00000000d5fdcd18) 
thrown [s\src\hotspot\share\prims\jni.cpp, line 520]
Event: 69.598 Thread 0x00000208819c0b10 Exception <a 'sun/nio/fs/WindowsException'{0x00000000d5ff8ea8}> (0x00000000d5ff8ea8) 
thrown [s\src\hotspot\share\prims\jni.cpp, line 520]
Event: 69.598 Thread 0x00000208819c0b10 Exception <a 'sun/nio/fs/WindowsException'{0x00000000d5ff97f8}> (0x00000000d5ff97f8) 
thrown [s\src\hotspot\share\prims\jni.cpp, line 520]
Event: 69.720 Thread 0x0000020882cc76e0 Exception <a 'sun/nio/fs/WindowsException'{0x00000000d5be1940}> (0x00000000d5be1940) 
thrown [s\src\hotspot\share\prims\jni.cpp, line 520]
Event: 69.720 Thread 0x0000020882cc76e0 Exception <a 'sun/nio/fs/WindowsException'{0x00000000d5be1fb0}> (0x00000000d5be1fb0) 
thrown [s\src\hotspot\share\prims\jni.cpp, line 520]

ZGC Phase Switch (0 events):
No events

VM Operations (20 events):
Event: 76.688 Executing VM operation: Cleanup
Event: 76.688 Executing VM operation: Cleanup done
Event: 83.755 Executing VM operation: Cleanup
Event: 83.756 Executing VM operation: Cleanup done
Event: 90.812 Executing VM operation: Cleanup
Event: 90.812 Executing VM operation: Cleanup done
Event: 120.209 Executing VM operation: HandshakeAllThreads (HandshakeForDeflation)
Event: 120.209 Executing VM operation: HandshakeAllThreads (HandshakeForDeflation) done
Event: 120.209 Executing VM operation: RendezvousGCThreads
Event: 120.209 Executing VM operation: RendezvousGCThreads done
Event: 130.320 Executing VM operation: Cleanup
Event: 130.320 Executing VM operation: Cleanup done
Event: 165.680 Executing VM operation: Cleanup
Event: 165.680 Executing VM operation: Cleanup done
Event: 180.359 Executing VM operation: HandshakeAllThreads (HandshakeForDeflation)
Event: 180.360 Executing VM operation: HandshakeAllThreads (HandshakeForDeflation) done
Event: 180.360 Executing VM operation: RendezvousGCThreads
Event: 180.360 Executing VM operation: RendezvousGCThreads done
Event: 329.695 Executing VM operation: Cleanup
Event: 329.695 Executing VM operation: Cleanup done

Memory protections (0 events):
No events

Nmethod flushes (20 events):
Event: 33.334 Thread 0x00000208b5f959a0 flushing  nmethod 0x00000208a2ec7710
Event: 33.334 Thread 0x00000208b5f959a0 flushing  nmethod 0x00000208a2ec8c90
Event: 33.334 Thread 0x00000208b5f959a0 flushing  nmethod 0x00000208a2ecdb10
Event: 33.334 Thread 0x00000208b5f959a0 flushing  nmethod 0x00000208a2ef7390
Event: 33.334 Thread 0x00000208b5f959a0 flushing osr nmethod 0x00000208a2f00390
Event: 33.334 Thread 0x00000208b5f959a0 flushing osr nmethod 0x00000208a2f47710
Event: 33.334 Thread 0x00000208b5f959a0 flushing  nmethod 0x00000208a2f57890
Event: 33.334 Thread 0x00000208b5f959a0 flushing  nmethod 0x00000208a2f5e990
Event: 33.334 Thread 0x00000208b5f959a0 flushing  nmethod 0x00000208a2f78c10
Event: 33.334 Thread 0x00000208b5f959a0 flushing  nmethod 0x00000208a2f79490
Event: 33.334 Thread 0x00000208b5f959a0 flushing  nmethod 0x00000208a2f79e10
Event: 33.334 Thread 0x00000208b5f959a0 flushing  nmethod 0x00000208a2f9d810
Event: 33.334 Thread 0x00000208b5f959a0 flushing  nmethod 0x00000208a2f9df10
Event: 33.334 Thread 0x00000208b5f959a0 flushing  nmethod 0x00000208a2f9e510
Event: 33.334 Thread 0x00000208b5f959a0 flushing  nmethod 0x00000208a2f9ed90
Event: 33.334 Thread 0x00000208b5f959a0 flushing  nmethod 0x00000208a2f9f390
Event: 33.334 Thread 0x00000208b5f959a0 flushing  nmethod 0x00000208a2fa1f10
Event: 33.334 Thread 0x00000208b5f959a0 flushing  nmethod 0x00000208a2fc9b10
Event: 33.334 Thread 0x00000208b5f959a0 flushing  nmethod 0x00000208a2fcbc90
Event: 33.334 Thread 0x00000208b5f959a0 flushing  nmethod 0x00000208a3069e90

Events (20 events):
Event: 68.156 Thread 0x00000208fd014de0 Thread added: 0x000002088030b730
Event: 68.288 Thread 0x00000208819c0b10 Thread added: 0x0000020882cc8400
Event: 69.425 Thread 0x000002088030b730 Thread exited: 0x000002088030b730
Event: 69.710 Thread 0x0000020882cc6330 Thread added: 0x0000020882ccb880
Event: 69.711 Thread 0x0000020882ccb880 Thread added: 0x0000020882cc76e0
Event: 69.722 Thread 0x0000020882cc76e0 Thread added: 0x0000020882ccc5a0
Event: 70.360 Thread 0x0000020882ccb880 Thread added: 0x0000020882cc7d70
Event: 70.361 Thread 0x0000020882ccc5a0 Thread exited: 0x0000020882ccc5a0
Event: 70.551 Thread 0x0000020882cc7d70 Thread added: 0x0000020882cc8a90
Event: 70.552 Thread 0x0000020882cc7d70 Thread exited: 0x0000020882cc7d70
Event: 76.365 Thread 0x0000020882cc76e0 Thread exited: 0x0000020882cc76e0
Event: 106.370 Thread 0x0000020882ccb880 Thread exited: 0x0000020882ccb880
Event: 107.865 Thread 0x00000208fdfb9810 Thread exited: 0x00000208fdfb9810
Event: 107.910 Thread 0x00000208fe3d42b0 Thread exited: 0x00000208fe3d42b0
Event: 108.858 Thread 0x00000208fdfb9ea0 Thread exited: 0x00000208fdfb9ea0
Event: 136.360 Thread 0x0000020882cc8a90 Thread exited: 0x0000020882cc8a90
Event: 136.376 Thread 0x00000208819c0b10 Thread exited: 0x00000208819c0b10
Event: 196.387 Thread 0x00000208819bf0d0 Thread exited: 0x00000208819bf0d0
Event: 256.400 Thread 0x00000208819bbc50 Thread exited: 0x00000208819bbc50
Event: 316.424 Thread 0x00000208819bea40 Thread exited: 0x00000208819bea40


Dynamic libraries:
0x00007ff69eef0000 - 0x00007ff69eefe000 	c:\Users\duong\.vscode\extensions\redhat.java-1.46.0-win32-x64\jre\21.0.8-win32-x86_64\bin\java.exe
0x00007ffe57f70000 - 0x00007ffe58187000 	C:\WINDOWS\SYSTEM32\ntdll.dll
0x00007ffe566c0000 - 0x00007ffe56784000 	C:\WINDOWS\System32\KERNEL32.DLL
0x00007ffe554c0000 - 0x00007ffe55892000 	C:\WINDOWS\System32\KERNELBASE.dll
0x00007ffe55370000 - 0x00007ffe55481000 	C:\WINDOWS\System32\ucrtbase.dll
0x00007ffe24080000 - 0x00007ffe24098000 	c:\Users\duong\.vscode\extensions\redhat.java-1.46.0-win32-x64\jre\21.0.8-win32-x86_64\bin\jli.dll
0x00007ffe1d640000 - 0x00007ffe1d65e000 	c:\Users\duong\.vscode\extensions\redhat.java-1.46.0-win32-x64\jre\21.0.8-win32-x86_64\bin\VCRUNTIME140.dll
0x00007ffe55cf0000 - 0x00007ffe55ea1000 	C:\WINDOWS\System32\USER32.dll
0x00007ffe46fd0000 - 0x00007ffe4726b000 	C:\WINDOWS\WinSxS\amd64_microsoft.windows.common-controls_6595b64144ccf1df_6.0.22621.5697_none_27154c497380d676\COMCTL32.dll
0x00007ffe55bd0000 - 0x00007ffe55bf6000 	C:\WINDOWS\System32\win32u.dll
0x00007ffe57ac0000 - 0x00007ffe57b67000 	C:\WINDOWS\System32\msvcrt.dll
0x00007ffe56d80000 - 0x00007ffe56da9000 	C:\WINDOWS\System32\GDI32.dll
0x00007ffe55100000 - 0x00007ffe55223000 	C:\WINDOWS\System32\gdi32full.dll
0x00007ffe55060000 - 0x00007ffe550fa000 	C:\WINDOWS\System32\msvcp_win.dll
0x00007ffe55c00000 - 0x00007ffe55c31000 	C:\WINDOWS\System32\IMM32.DLL
0x00007ffe42270000 - 0x00007ffe4227c000 	c:\Users\duong\.vscode\extensions\redhat.java-1.46.0-win32-x64\jre\21.0.8-win32-x86_64\bin\vcruntime140_1.dll
0x00007ffdee710000 - 0x00007ffdee79d000 	c:\Users\duong\.vscode\extensions\redhat.java-1.46.0-win32-x64\jre\21.0.8-win32-x86_64\bin\msvcp140.dll
0x00007ffda7a80000 - 0x00007ffda8817000 	c:\Users\duong\.vscode\extensions\redhat.java-1.46.0-win32-x64\jre\21.0.8-win32-x86_64\bin\server\jvm.dll
0x00007ffe570f0000 - 0x00007ffe571a1000 	C:\WINDOWS\System32\ADVAPI32.dll
0x00007ffe57b70000 - 0x00007ffe57c18000 	C:\WINDOWS\System32\sechost.dll
0x00007ffe55490000 - 0x00007ffe554b8000 	C:\WINDOWS\System32\bcrypt.dll
0x00007ffe568c0000 - 0x00007ffe569d7000 	C:\WINDOWS\System32\RPCRT4.dll
0x00007ffe57e90000 - 0x00007ffe57f01000 	C:\WINDOWS\System32\WS2_32.dll
0x00007ffe54f30000 - 0x00007ffe54f7d000 	C:\WINDOWS\SYSTEM32\POWRPROF.dll
0x00007ffe4c210000 - 0x00007ffe4c244000 	C:\WINDOWS\SYSTEM32\WINMM.dll
0x00007ffe4f240000 - 0x00007ffe4f24a000 	C:\WINDOWS\SYSTEM32\VERSION.dll
0x00007ffe54f10000 - 0x00007ffe54f23000 	C:\WINDOWS\SYSTEM32\UMPDC.dll
0x00007ffe54000000 - 0x00007ffe54018000 	C:\WINDOWS\SYSTEM32\kernel.appcore.dll
0x00007ffe41fb0000 - 0x00007ffe41fba000 	c:\Users\duong\.vscode\extensions\redhat.java-1.46.0-win32-x64\jre\21.0.8-win32-x86_64\bin\jimage.dll
0x00007ffe4e550000 - 0x00007ffe4e783000 	C:\WINDOWS\SYSTEM32\DBGHELP.DLL
0x00007ffe569e0000 - 0x00007ffe56d72000 	C:\WINDOWS\System32\combase.dll
0x00007ffe57000000 - 0x00007ffe570d8000 	C:\WINDOWS\System32\OLEAUT32.dll
0x00007ffe49b90000 - 0x00007ffe49bc2000 	C:\WINDOWS\SYSTEM32\dbgcore.DLL
0x00007ffe55b50000 - 0x00007ffe55bcb000 	C:\WINDOWS\System32\bcryptPrimitives.dll
0x00007ffe41cc0000 - 0x00007ffe41ccf000 	c:\Users\duong\.vscode\extensions\redhat.java-1.46.0-win32-x64\jre\21.0.8-win32-x86_64\bin\instrument.dll
0x00007ffe1afe0000 - 0x00007ffe1afff000 	c:\Users\duong\.vscode\extensions\redhat.java-1.46.0-win32-x64\jre\21.0.8-win32-x86_64\bin\java.dll
0x00007ffe57210000 - 0x00007ffe57ab1000 	C:\WINDOWS\System32\SHELL32.dll
0x00007ffe55230000 - 0x00007ffe5536f000 	C:\WINDOWS\System32\wintypes.dll
0x00007ffe52ef0000 - 0x00007ffe5380a000 	C:\WINDOWS\SYSTEM32\windows.storage.dll
0x00007ffe55eb0000 - 0x00007ffe55fbb000 	C:\WINDOWS\System32\SHCORE.dll
0x00007ffe56650000 - 0x00007ffe566b9000 	C:\WINDOWS\System32\shlwapi.dll
0x00007ffe54f90000 - 0x00007ffe54fbb000 	C:\WINDOWS\SYSTEM32\profapi.dll
0x00007ffe055f0000 - 0x00007ffe05608000 	c:\Users\duong\.vscode\extensions\redhat.java-1.46.0-win32-x64\jre\21.0.8-win32-x86_64\bin\zip.dll
0x00007ffe41d90000 - 0x00007ffe41da0000 	C:\Users\duong\.vscode\extensions\redhat.java-1.46.0-win32-x64\jre\21.0.8-win32-x86_64\bin\net.dll
0x00007ffe51f20000 - 0x00007ffe5204c000 	C:\WINDOWS\SYSTEM32\WINHTTP.dll
0x00007ffe544d0000 - 0x00007ffe54539000 	C:\WINDOWS\system32\mswsock.dll
0x00007ffe04a20000 - 0x00007ffe04a36000 	C:\Users\duong\.vscode\extensions\redhat.java-1.46.0-win32-x64\jre\21.0.8-win32-x86_64\bin\nio.dll
0x00007ffe25510000 - 0x00007ffe25520000 	c:\Users\duong\.vscode\extensions\redhat.java-1.46.0-win32-x64\jre\21.0.8-win32-x86_64\bin\verify.dll
0x00007ffdf3fb0000 - 0x00007ffdf3ff4000 	C:\Users\duong\AppData\Roaming\Code\User\globalStorage\redhat.java\1.46.0\config_win\org.eclipse.equinox.launcher\org.eclipse.equinox.launcher.win32.win32.x86_64_1.2.1400.v20250801-0854\eclipse_11916.dll
0x00007ffe56030000 - 0x00007ffe561d0000 	C:\WINDOWS\System32\ole32.dll
0x00007ffe54710000 - 0x00007ffe5472b000 	C:\WINDOWS\SYSTEM32\CRYPTSP.dll
0x00007ffe53f60000 - 0x00007ffe53f97000 	C:\WINDOWS\system32\rsaenh.dll
0x00007ffe54590000 - 0x00007ffe545b8000 	C:\WINDOWS\SYSTEM32\USERENV.dll
0x00007ffe54780000 - 0x00007ffe5478c000 	C:\WINDOWS\SYSTEM32\CRYPTBASE.dll
0x00007ffe53a60000 - 0x00007ffe53a8d000 	C:\WINDOWS\SYSTEM32\IPHLPAPI.DLL
0x00007ffe570e0000 - 0x00007ffe570e9000 	C:\WINDOWS\System32\NSI.dll
0x00007ffdee5e0000 - 0x00007ffdee629000 	C:\Users\duong\AppData\Local\Temp\jna-95947831\jna6036836588231376904.dll
0x00007ffe57200000 - 0x00007ffe57208000 	C:\WINDOWS\System32\PSAPI.DLL
0x00007ffe51720000 - 0x00007ffe51739000 	C:\WINDOWS\SYSTEM32\dhcpcsvc6.DLL
0x00007ffe51700000 - 0x00007ffe5171f000 	C:\WINDOWS\SYSTEM32\dhcpcsvc.DLL
0x00007ffe073d0000 - 0x00007ffe073de000 	C:\Users\duong\.vscode\extensions\redhat.java-1.46.0-win32-x64\jre\21.0.8-win32-x86_64\bin\sunmscapi.dll
0x00007ffe558a0000 - 0x00007ffe55a08000 	C:\WINDOWS\System32\CRYPT32.dll
0x00007ffe54920000 - 0x00007ffe5494d000 	C:\WINDOWS\SYSTEM32\ncrypt.dll
0x00007ffe548e0000 - 0x00007ffe54917000 	C:\WINDOWS\SYSTEM32\NTASN1.dll
0x00007ffe53a90000 - 0x00007ffe53b88000 	C:\WINDOWS\SYSTEM32\DNSAPI.dll
0x00007ffe51500000 - 0x00007ffe5150a000 	C:\Windows\System32\rasadhlp.dll
0x00007ffe51350000 - 0x00007ffe513d4000 	C:\WINDOWS\System32\fwpuclnt.dll
0x00007ffdffeb0000 - 0x00007ffdffeb9000 	C:\Users\duong\.vscode\extensions\redhat.java-1.46.0-win32-x64\jre\21.0.8-win32-x86_64\bin\extnet.dll

JVMTI agents:
c:\Users\duong\.vscode\extensions\redhat.java-1.46.0-win32-x64\lombok\lombok-1.18.39-4050.jar path:c:\Users\duong\.vscode\extensions\redhat.java-1.46.0-win32-x64\jre\21.0.8-win32-x86_64\bin\instrument.dll, loaded, initialized, instrumentlib options:none

dbghelp: loaded successfully - version: 4.0.5 - missing functions: none
symbol engine: initialized successfully - sym options: 0x614 - pdb path: .;c:\Users\duong\.vscode\extensions\redhat.java-1.46.0-win32-x64\jre\21.0.8-win32-x86_64\bin;C:\WINDOWS\SYSTEM32;C:\WINDOWS\WinSxS\amd64_microsoft.windows.common-controls_6595b64144ccf1df_6.0.22621.5697_none_27154c497380d676;c:\Users\duong\.vscode\extensions\redhat.java-1.46.0-win32-x64\jre\21.0.8-win32-x86_64\bin\server;C:\Users\duong\AppData\Roaming\Code\User\globalStorage\redhat.java\1.46.0\config_win\org.eclipse.equinox.launcher\org.eclipse.equinox.launcher.win32.win32.x86_64_1.2.1400.v20250801-0854;C:\Users\duong\AppData\Local\Temp\jna-95947831

VM Arguments:
jvm_args: --add-modules=ALL-SYSTEM --add-opens=java.base/java.util=ALL-UNNAMED --add-opens=java.base/java.lang=ALL-UNNAMED --add-opens=java.base/sun.nio.fs=ALL-UNNAMED -Declipse.application=org.eclipse.jdt.ls.core.id1 -Dosgi.bundles.defaultStartLevel=4 -Declipse.product=org.eclipse.jdt.ls.core.product -Djava.import.generatesMetadataFilesAtProjectRoot=false -DDetectVMInstallationsJob.disabled=true -Dfile.encoding=utf8 -XX:+UseParallelGC -XX:GCTimeRatio=4 -XX:AdaptiveSizePolicyWeight=90 -Dsun.zip.disableMemoryMapping=true -Xmx2G -Xms100m -Xlog:disable -javaagent:c:\Users\duong\.vscode\extensions\redhat.java-1.46.0-win32-x64\lombok\lombok-1.18.39-4050.jar -XX:+HeapDumpOnOutOfMemoryError -XX:HeapDumpPath=c:\Users\duong\AppData\Roaming\Code\User\workspaceStorage\8d80a544afdbe9d4d2c642f385d9894f\redhat.java -Daether.dependencyCollector.impl=bf 
java_command: c:\Users\duong\.vscode\extensions\redhat.java-1.46.0-win32-x64\server\plugins\org.eclipse.equinox.launcher_1.7.0.v20250519-0528.jar -configuration c:\Users\duong\AppData\Roaming\Code\User\globalStorage\redhat.java\1.46.0\config_win -data c:\Users\duong\AppData\Roaming\Code\User\workspaceStorage\8d80a544afdbe9d4d2c642f385d9894f\redhat.java\jdt_ws --pipe=\\.\pipe\lsp-afdd81732e8acd80b640f00ceeaf3174-sock
java_class_path (initial): c:\Users\duong\.vscode\extensions\redhat.java-1.46.0-win32-x64\server\plugins\org.eclipse.equinox.launcher_1.7.0.v20250519-0528.jar
Launcher Type: SUN_STANDARD

[Global flags]
    uintx AdaptiveSizePolicyWeight                 = 90                                        {product} {command line}
     intx CICompilerCount                          = 4                                         {product} {ergonomic}
    uintx GCTimeRatio                              = 4                                         {product} {command line}
     bool HeapDumpOnOutOfMemoryError               = true                                   {manageable} {command line}
    ccstr HeapDumpPath                             = c:\Users\duong\AppData\Roaming\Code\User\workspaceStorage\8d80a544afdbe9d4d2c642f385d9894f\redhat.java         {manageable} {command line}
   size_t InitialHeapSize                          = 104857600                                 {product} {command line}
   size_t MaxHeapSize                              = 2147483648                                {product} {command line}
   size_t MaxNewSize                               = 715653120                                 {product} {ergonomic}
   size_t MinHeapDeltaBytes                        = 524288                                    {product} {ergonomic}
   size_t MinHeapSize                              = 104857600                                 {product} {command line}
   size_t NewSize                                  = 34603008                                  {product} {ergonomic}
    uintx NonNMethodCodeHeapSize                   = 5839372                                {pd product} {ergonomic}
    uintx NonProfiledCodeHeapSize                  = 122909434                              {pd product} {ergonomic}
   size_t OldSize                                  = 70254592                                  {product} {ergonomic}
    uintx ProfiledCodeHeapSize                     = 122909434                              {pd product} {ergonomic}
    uintx ReservedCodeCacheSize                    = 251658240                              {pd product} {ergonomic}
     bool SegmentedCodeCache                       = true                                      {product} {ergonomic}
   size_t SoftMaxHeapSize                          = 2147483648                             {manageable} {ergonomic}
     bool UseCompressedOops                        = true                           {product lp64_product} {ergonomic}
     bool UseLargePagesIndividualAllocation        = false                                  {pd product} {ergonomic}
     bool UseParallelGC                            = true                                      {product} {command line}

Logging:
Log output configuration:
 #0: stdout all=off uptime,level,tags foldmultilines=false
 #1: stderr all=off uptime,level,tags foldmultilines=false

Environment Variables:
JAVA_HOME=D:\Eclipse Adoptium\jdk-17.0.16.8-hotspot
PATH=D:\maven-mvnd-2.0.0-rc-3-windows-amd64\maven-mvnd-2.0.0-rc-3-windows-amd64\bin;D:\Git\cmd;D:\Git\bin;D:\app\flutter_windows_3.35.4-stable\flutter\bin;C:\Users\duong\AppData\Local\Android\Sdk\platform-tools;C:\Windows\System32;C:\Windows\System32\WindowsPowerShell\v1.0;D:\microsoft-jdk-17.0.16-windows-x64\jdk-17.0.16+8\bin;D:\Eclipse Adoptium\jdk-17.0.16.8-hotspot\bin;D:\app\flutter_windows_3.35.4-stable\flutter\bin;C:\Users\duong\AppData\Local\Android\Sdk\cmdline-tools\lastest\bin;C:\Users\duong\AppData\Local\Android\Sdk\platform-tools;C:\Program Files\MySQL\MySQL Shell 8.0\bin\;C:\Users\duong\AppData\Local\Programs\Python\Python310\Scripts\;C:\Users\duong\AppData\Local\Programs\Python\Python310\;D:\Scripts\;C:\Users\duong\AppData\Local\Programs\Python\Python311\Scripts\;C:\Users\duong\AppData\Local\Programs\Python\Python311\;C:\Users\duong\AppData\Local\Microsoft\WindowsApps;D:\Microsoft VS Code\bin;C:\winlibs-x86_64-posix-seh-gcc-12.1.0-mingw-w64msvcrt-10.0.0-r3\mingw64\bin;C:\Users\duong\AppData\Roaming\npm;C:\Program Files\Java\jdk-17\bin;C:\Program Files\MySQL\MySQL Server 8.0\bin;D:\maven-mvnd-2.0.0-rc-3-windows-amd64\maven-mvnd-2.0.0-rc-3-windows-amd64\bin;
USERNAME=duong
OS=Windows_NT
PROCESSOR_IDENTIFIER=AMD64 Family 25 Model 80 Stepping 0, AuthenticAMD
TMP=C:\Users\duong\AppData\Local\Temp
TEMP=C:\Users\duong\AppData\Local\Temp




Periodic native trim disabled

---------------  S Y S T E M  ---------------

OS:
 Windows 11 , 64 bit Build 22621 (10.0.22621.5415)
OS uptime: 0 days 23:44 hours
Hyper-V role detected

CPU: total 12 (initial active 12) (12 cores per cpu, 2 threads per core) family 25 model 80 stepping 0 microcode 0x0, cx8, cmov, fxsr, ht, mmx, 3dnowpref, sse, sse2, sse3, ssse3, sse4a, sse4.1, sse4.2, popcnt, lzcnt, tsc, tscinvbit, avx, avx2, aes, erms, clmul, bmi1, bmi2, adx, sha, fma, vzeroupper, clflush, clflushopt, hv, rdtscp, rdpid, fsrm, f16c, cet_ss
Processor Information for processor 0
  Max Mhz: 3301, Current Mhz: 2011, Mhz Limit: 3301
Processor Information for processor 1
  Max Mhz: 3301, Current Mhz: 3301, Mhz Limit: 3301
Processor Information for processor 2
  Max Mhz: 3301, Current Mhz: 3301, Mhz Limit: 3301
Processor Information for processor 3
  Max Mhz: 3301, Current Mhz: 3301, Mhz Limit: 3301
Processor Information for processor 4
  Max Mhz: 3301, Current Mhz: 3301, Mhz Limit: 3301
Processor Information for processor 5
  Max Mhz: 3301, Current Mhz: 3301, Mhz Limit: 3301
Processor Information for processor 6
  Max Mhz: 3301, Current Mhz: 3301, Mhz Limit: 3301
Processor Information for processor 7
  Max Mhz: 3301, Current Mhz: 2011, Mhz Limit: 3301
Processor Information for processor 8
  Max Mhz: 3301, Current Mhz: 2011, Mhz Limit: 3301
Processor Information for processor 9
  Max Mhz: 3301, Current Mhz: 3301, Mhz Limit: 3301
Processor Information for processor 10
  Max Mhz: 3301, Current Mhz: 3301, Mhz Limit: 3301
Processor Information for processor 11
  Max Mhz: 3301, Current Mhz: 2011, Mhz Limit: 3301

Memory: 4k page, system-wide physical 7528M (300M free)
TotalPageFile size 18544M (AvailPageFile size 1M)
current process WorkingSet (physical memory assigned to process): 26M, peak: 445M
current process commit charge ("private bytes"): 478M, peak: 524M

vm_info: OpenJDK 64-Bit Server VM (21.0.8+9-LTS) for windows-amd64 JRE (21.0.8+9-LTS), built on 2025-07-15T00:00:00Z by "admin" with MS VC++ 17.7 (VS2022)

END.
